<?xml version="1.0" encoding="UTF-8"?>
<!-- Generated by org.testng.reporters.JUnitXMLReporter -->
<testsuite hostname="DESKTOP-1819MVE" ignored="0" name="Test-chrome" tests="1" failures="0" timestamp="2021-02-25T13:39:23 IST" time="25.379" errors="0">
  <testcase name="stage_web_aurofit_MAINPAGE_SignUp_enterCouponcode_Checkout_Subscribe" time="8.557" classname="testscript.Stage_Web_nhsDiscount"/>
</testsuite> <!-- Test-chrome -->
