<?xml version="1.0" encoding="UTF-8"?>
<!-- Generated by org.testng.reporters.JUnitReportReporter -->
<testsuite skipped="0" hostname="DESKTOP-1819MVE" name="testscript.Stage_web_aurofit_45daysFreeSignUp" tests="1" failures="0" timestamp="2020-11-10T15:54:26 IST" time="68.958" errors="0">
  <testcase name="Stage_web_30daysFreeSignUp_select_LoseWeight_Beginner_Spin_Availoffer_Dothe_Payment" time="68.958" classname="testscript.Stage_web_aurofit_45daysFreeSignUp"/>
  <system-out/>
</testsuite> <!-- testscript.Stage_web_aurofit_45daysFreeSignUp -->
