<?xml version="1.0" encoding="UTF-8"?>
<!-- Generated by org.testng.reporters.JUnitReportReporter -->
<testsuite skipped="0" hostname="DESKTOP-1819MVE" name="testscript.Stage_web_auro_fit_Hold_Login" tests="1" failures="0" timestamp="2020-11-06T12:27:03 IST" time="34.266" errors="0">
  <testcase name="stage_web_aurofit_Hold_select_LoseWeight_Beginner_Spin_VALID_LOGIN" time="34.266" classname="testscript.Stage_web_auro_fit_Hold_Login"/>
  <system-out/>
</testsuite> <!-- testscript.Stage_web_auro_fit_Hold_Login -->
