<?xml version="1.0" encoding="UTF-8"?>
<!-- Generated by org.testng.reporters.JUnitReportReporter -->
<testsuite skipped="0" hostname="DESKTOP-1819MVE" name="testscript.Stage_web_newMem_50per_Off" tests="17" failures="0" timestamp="2021-03-10T18:48:24 IST" time="366.408" errors="0">
  <testcase name="new_Member_enterEmail_password_Dothe_Payment_Entering_Credentials_Invalid_CardNumber_ErrorMessage" time="29.656" classname="testscript.Stage_web_newMem_50per_Off"/>
  <system-out/>
  <testcase name="enterAlreadyRegisteredmailid_and_verify_errormessage" time="12.439" classname="testscript.Stage_web_newMem_50per_Off"/>
  <system-out/>
  <testcase name="verify25perOff" time="10.554" classname="testscript.Stage_web_newMem_50per_Off"/>
  <system-out/>
  <testcase name="enternotRegisteredmailid_and_verify_errormessage" time="10.788" classname="testscript.Stage_web_newMem_50per_Off"/>
  <system-out/>
  <testcase name="enterInValidEmailAddress_and_verify_errormessage" time="12.305" classname="testscript.Stage_web_newMem_50per_Off"/>
  <system-out/>
  <testcase name="enterN0EmailAddress_and_verify_errormessage" time="8.542" classname="testscript.Stage_web_newMem_50per_Off"/>
  <system-out/>
  <testcase name="enterNOpassword_and_verify_errormessage" time="9.794" classname="testscript.Stage_web_newMem_50per_Off"/>
  <system-out/>
  <testcase name="validRegister_Payment_new_member" time="27.722" classname="testscript.Stage_web_newMem_50per_Off"/>
  <system-out/>
  <testcase name="new_Member_enterEmail_password_Dothe_Payment_Entering_Expired_Card_Credentials" time="27.442" classname="testscript.Stage_web_newMem_50per_Off"/>
  <system-out/>
  <testcase name="new_Member_enterEmail_password_othe_Payment_Entering_Credentials_Incorrect_Security_Code" time="26.821" classname="testscript.Stage_web_newMem_50per_Off"/>
  <system-out/>
  <testcase name="new_Member_enterEmail_password_Dothe_Payment_Entering_Credentials_Error_while_processing_the_card1" time="27.131" classname="testscript.Stage_web_newMem_50per_Off"/>
  <system-out/>
  <testcase name="new_Member_enterEmail_password_Dothe_Payment_Incomplete_ZIP_Code_verifyErrorMessage" time="27.878" classname="testscript.Stage_web_newMem_50per_Off"/>
  <system-out/>
  <testcase name="new_Member_enterEmail_password_Dothe_Payment_Entering_IncompleteCardNumber_Verify_ErrorMessage" time="27.000" classname="testscript.Stage_web_newMem_50per_Off"/>
  <system-out/>
  <testcase name="new_Member_enterEmail_password_Dothe_Payment_Incomplete_CvC_Code_verifyErrorMessage" time="27.974" classname="testscript.Stage_web_newMem_50per_Off"/>
  <system-out/>
  <testcase name="new_Member_enterEmail_password_Dothe_Payment_Incomplete_Expiredate_verifyErrorMessage" time="26.973" classname="testscript.Stage_web_newMem_50per_Off"/>
  <system-out/>
  <testcase name="new_Member_enterEmail_password_Dothe_Payment__ExpiredateInThePast_verifyErrorMessage" time="26.251" classname="testscript.Stage_web_newMem_50per_Off"/>
  <system-out/>
  <testcase name="new_Member_enterEmail_password_Dothe_Payment__ExpirationYearIsInvalid_verifyErrorMessage" time="27.138" classname="testscript.Stage_web_newMem_50per_Off"/>
  <system-out/>
</testsuite> <!-- testscript.Stage_web_newMem_50per_Off -->
