<?xml version="1.0" encoding="UTF-8"?>
<!-- Generated by org.testng.reporters.JUnitReportReporter -->
<testsuite skipped="0" hostname="DESKTOP-1819MVE" name="testscript.RunMummySignUp" tests="20" failures="0" timestamp="2021-03-04T16:10:28 IST" time="600.427" errors="0">
  <testcase name="stage_web_aurofit_RUNMUMMYRUN_SignUp_Checkout_Subscribe" time="35.809" classname="testscript.RunMummySignUp"/>
  <system-out/>
  <testcase name="stage_web_aurofit_RUNMUMMYRUN_SignUp_with_Already_Registed_Email" time="23.310" classname="testscript.RunMummySignUp"/>
  <system-out/>
  <testcase name="stage_web_aurofit_RUNMUMMYRUN_Login_With_Valid_Credentials" time="35.096" classname="testscript.RunMummySignUp"/>
  <system-out/>
  <testcase name="stage_web_aurofit_RUNMUMMYRUN_LOGIN_VALID_EMAIL_INVALID_PASSWORD" time="23.206" classname="testscript.RunMummySignUp"/>
  <system-out/>
  <testcase name="stage_web_aurofit_RUNMUMMYRUN_LOGIN_INVALID_EMAIL__VALIDPASSWORD" time="26.276" classname="testscript.RunMummySignUp"/>
  <system-out/>
  <testcase name="stage_web_aurofit_RUNMUMMYRUN_LOGIN_UNREGISTEREDMAIL" time="25.237" classname="testscript.RunMummySignUp"/>
  <system-out/>
  <testcase name="stage_web_aurofit_RUNMUMMYRUN_Dothe_Payment_Entering_Expired_Card_Credentials" time="30.500" classname="testscript.RunMummySignUp"/>
  <system-out/>
  <testcase name="stage_web_aurofit_RUNMUMMYRUN_Dothe_Payment_Entering_Credentials_Incorrect_Security_Code" time="31.741" classname="testscript.RunMummySignUp"/>
  <system-out/>
  <testcase name="stage_web_aurofit_RUNMUMMYRUN_Dothe_Payment_Entering_Credentials_Error_while_processing_the_card" time="28.993" classname="testscript.RunMummySignUp"/>
  <system-out/>
  <testcase name="stage_web_aurofit_RUNMUMMYRUN_Dothe_Payment_Entering_Credentials_Invalid_CardNumber_ErrorMessage" time="25.475" classname="testscript.RunMummySignUp"/>
  <system-out/>
  <testcase name="stage_web_aurofit_RUNMUMMYRUN_LoseWeight_Beginner_Spin_Availoffer_Dothe_Payment_Entering_IncompleteCardNumber_Verify_ErrorMessage" time="26.676" classname="testscript.RunMummySignUp"/>
  <system-out/>
  <testcase name="stage_web_aurofit_RUNMUMMYRUN_Dothe_Payment_Incomplete_ExpiryDate_verifyErrorMessage" time="26.200" classname="testscript.RunMummySignUp"/>
  <system-out/>
  <testcase name="stage_web_aurofit_RUNMUMMYRUN_LoseWeight_Beginner_Spin_Availoffer_Dothe_Payment_Incomplete_CvC_Code_verifyErrorMessage" time="33.352" classname="testscript.RunMummySignUp"/>
  <system-out/>
  <testcase name="stage_web_aurofit_RUNMUMMYRUN_Dothe_Payment_Incomplete_ZIP_Code_verifyErrorMessage" time="29.569" classname="testscript.RunMummySignUp"/>
  <system-out/>
  <testcase name="stage_web_aurofit_RUNMUMMYRUN_Dothe_Payment_Enter_DeadCardCredentials_verifyErrorMessage" time="48.242" classname="testscript.RunMummySignUp"/>
  <system-out/>
  <testcase name="stage_web_aurofit_RUNMUMMYRUN__LOGIN_UNSUBSCRIBED_USER" time="34.643" classname="testscript.RunMummySignUp"/>
  <system-out/>
  <testcase name="stage_web_RUNMUMMYRUN_ForgotPassword" time="37.480" classname="testscript.RunMummySignUp"/>
  <system-out/>
  <testcase name="stage_web_aurofit_RUNMUMMYRUN_verify_Enter_Valid_Email_Error_Message" time="20.428" classname="testscript.RunMummySignUp"/>
  <system-out/>
  <testcase name="stage_web_aurofit_RUNMUMMYRUN_verify_Enter_Password_Error_Message" time="25.815" classname="testscript.RunMummySignUp"/>
  <system-out/>
  <testcase name="stage_web_aurofit_RUNMUMMYRUN_SignUp_Enter_Invalid_CouponCode" time="32.379" classname="testscript.RunMummySignUp"/>
  <system-out/>
</testsuite> <!-- testscript.RunMummySignUp -->
