<?xml version="1.0" encoding="UTF-8"?>
<!-- Generated by org.testng.reporters.JUnitReportReporter -->
<testsuite skipped="0" hostname="DESKTOP-QPEF4V1" name="testscript.Physician_Login_page" tests="3" failures="0" timestamp="2021-05-19T16:32:20 IST" time="117.522" errors="0">
  <testcase name="Physician_Valid_Login" time="35.843" classname="testscript.Physician_Login_page"/>
  <system-out/>
  <testcase name="Physician_InValid_Login" time="28.469" classname="testscript.Physician_Login_page"/>
  <system-out/>
  <testcase name="Physician_InValid_4click" time="53.210" classname="testscript.Physician_Login_page"/>
  <system-out/>
</testsuite> <!-- testscript.Physician_Login_page -->
