<?xml version="1.0" encoding="UTF-8"?>
<!-- Generated by org.testng.reporters.JUnitReportReporter -->
<testsuite skipped="0" hostname="DESKTOP-1819MVE" name="testscript.Stage_web_aurofit_Christmas_Challege" tests="1" failures="0" timestamp="2020-11-18T13:08:49 IST" time="49.527" errors="0">
  <testcase name="stage_web_aurofit_Snatch_SignUp_select_LoseWeight_Beginner_Spin_Availoffer_Dothe_Payment" time="49.527" classname="testscript.Stage_web_aurofit_Christmas_Challege"/>
  <system-out/>
</testsuite> <!-- testscript.Stage_web_aurofit_Christmas_Challege -->
