<?xml version="1.0" encoding="UTF-8"?>
<!-- Generated by org.testng.reporters.JUnitReportReporter -->
<testsuite skipped="0" hostname="DESKTOP-1819MVE" name="testscript.Stage_Web_aurofit_1Year_Free_CouponCode_notepad$Stage_Web_aurofit_1year_CouponCode_5000_Codes" tests="1" failures="0" timestamp="2020-12-18T15:44:32 IST" time="475.759" errors="0">
  <testcase name="Stage_web_1Yearfree_select_LoseWeight_Beginner_Spin_validate_Coupon_Code" time="475.759" classname="testscript.Stage_Web_aurofit_1Year_Free_CouponCode_notepad$Stage_Web_aurofit_1year_CouponCode_5000_Codes"/>
  <system-out/>
</testsuite> <!-- testscript.Stage_Web_aurofit_1Year_Free_CouponCode_notepad$Stage_Web_aurofit_1year_CouponCode_5000_Codes -->
