<?xml version="1.0" encoding="UTF-8"?>
<!-- Generated by org.testng.reporters.JUnitReportReporter -->
<testsuite skipped="0" hostname="DESKTOP-1819MVE" name="testscript.Stage_web_aurofit_45days" tests="3" failures="0" timestamp="2021-03-17T12:59:12 IST" time="90.519" errors="0">
  <testcase name="stage_web_aurofit_45daysFree_Dothe_Payment_Entering_Credentials_Error_while_processing_the_card" time="29.083" classname="testscript.Stage_web_aurofit_45days"/>
  <system-out/>
  <testcase name="stage_web_aurofit_45daysFree_Dothe_Payment_Incomplete_ZIP_Code_verifyErrorMessage" time="29.627" classname="testscript.Stage_web_aurofit_45days"/>
  <system-out/>
  <testcase name="stage_web_aurofit_45daysFree__SIGNED_UP_UNSUBSCRIBED_USER" time="31.809" classname="testscript.Stage_web_aurofit_45days"/>
  <system-out/>
</testsuite> <!-- testscript.Stage_web_aurofit_45days -->
