<?xml version="1.0" encoding="UTF-8"?>
<!-- Generated by org.testng.reporters.JUnitReportReporter -->
<testsuite hostname="DESKTOP-1819MVE" name="testscript.Demo" tests="1" failures="0" timestamp="13 Jan 2021 13:51:01 GMT" time="0.016" errors="0">
  <testcase name="deMo" time="0.016" classname="testscript.Demo"/>
</testsuite> <!-- testscript.Demo -->
