<?xml version="1.0" encoding="UTF-8"?>
<!-- Generated by org.testng.reporters.JUnitReportReporter -->
<testsuite skipped="0" hostname="DESKTOP-1819MVE" name="testscript.Stage_web_aurofit_HOLD_SignUp" tests="1" failures="0" timestamp="2020-12-10T10:08:16 IST" time="41.158" errors="0">
  <testcase name="stage_web_aurofit_Hold_SignUp_select_LoseWeight_Beginner_Spin_Availoffer_Dothe_Payment" time="41.158" classname="testscript.Stage_web_aurofit_HOLD_SignUp"/>
  <system-out/>
</testsuite> <!-- testscript.Stage_web_aurofit_HOLD_SignUp -->
