<?xml version="1.0" encoding="UTF-8"?>
<!-- Generated by org.testng.reporters.JUnitReportReporter -->
<testsuite skipped="0" hostname="DESKTOP-1819MVE" name="testscript.Stage_web_aurofit_30daysFree_LoGin" tests="1" failures="0" timestamp="2020-12-16T10:50:38 IST" time="19.620" errors="0">
  <testcase name="Stage_web_30daysFreeLoGin_select_LoseWeight_Beginner_Spin_Availoffer_Dothe_Payment" time="19.620" classname="testscript.Stage_web_aurofit_30daysFree_LoGin"/>
  <system-out/>
</testsuite> <!-- testscript.Stage_web_aurofit_30daysFree_LoGin -->
