<?xml version="1.0" encoding="UTF-8"?>
<!-- Generated by org.testng.reporters.JUnitReportReporter -->
<testsuite skipped="0" hostname="DESKTOP-1819MVE" name="testscript.Stage_web_aurofit_90DaysFree_Login" tests="1" failures="0" timestamp="2020-11-09T11:06:46 IST" time="38.566" errors="0">
  <testcase name="stage_web_aurofit_90DaysFree_LoGin_select_LoseWeight_Beginner_Spin_Availoffer_Dothe_Payment" time="38.566" classname="testscript.Stage_web_aurofit_90DaysFree_Login"/>
  <system-out/>
</testsuite> <!-- testscript.Stage_web_aurofit_90DaysFree_Login -->
