<?xml version="1.0" encoding="UTF-8"?>
<!-- Generated by org.testng.reporters.JUnitReportReporter -->
<testsuite skipped="0" hostname="DESKTOP-1819MVE" name="testscript.Stage_web_aurofit_SNATCH" tests="20" failures="0" timestamp="2021-03-04T08:56:25 IST" time="495.501" errors="0">
  <testcase name="stage_web_aurofit_SNATCH_SignUp_enterCouponcode_Checkout_Subscribe" time="33.325" classname="testscript.Stage_web_aurofit_SNATCH"/>
  <system-out/>
  <testcase name="stage_web_aurofit_SNATCH_SignUp_with_Already_Registed_Email" time="17.564" classname="testscript.Stage_web_aurofit_SNATCH"/>
  <system-out/>
  <testcase name="stage_web_aurofit_SNATCH_Login_With_Valid_Credentials" time="28.816" classname="testscript.Stage_web_aurofit_SNATCH"/>
  <system-out/>
  <testcase name="stage_web_aurofit_SNATCH_LOGIN_VALID_EMAIL_INVALID_PASSWORD" time="20.759" classname="testscript.Stage_web_aurofit_SNATCH"/>
  <system-out/>
  <testcase name="stage_web_aurofit_SNATCH_LOGIN_INVALID_EMAIL__VALIDPASSWORD" time="19.023" classname="testscript.Stage_web_aurofit_SNATCH"/>
  <system-out/>
  <testcase name="stage_web_aurofit_SNATCH_LOGIN_UNREGISTEREDMAIL" time="19.968" classname="testscript.Stage_web_aurofit_SNATCH"/>
  <system-out/>
  <testcase name="stage_web_aurofit_SNATCH_Dothe_Payment_Entering_Expired_Card_Credentials" time="26.252" classname="testscript.Stage_web_aurofit_SNATCH"/>
  <system-out/>
  <testcase name="stage_web_aurofit_SNATCH_Dothe_Payment_Entering_Credentials_Incorrect_Security_Code" time="26.375" classname="testscript.Stage_web_aurofit_SNATCH"/>
  <system-out/>
  <testcase name="stage_web_aurofit_SNATCH_Dothe_Payment_Entering_Credentials_Error_while_processing_the_card" time="26.689" classname="testscript.Stage_web_aurofit_SNATCH"/>
  <system-out/>
  <testcase name="stage_web_aurofit_SNATCH_Dothe_Payment_Entering_Credentials_Invalid_CardNumber_ErrorMessage" time="24.684" classname="testscript.Stage_web_aurofit_SNATCH"/>
  <system-out/>
  <testcase name="stage_web_aurofit_SNATCH_LoseWeight_Beginner_Spin_Availoffer_Dothe_Payment_Entering_IncompleteCardNumber_Verify_ErrorMessage" time="22.736" classname="testscript.Stage_web_aurofit_SNATCH"/>
  <system-out/>
  <testcase name="stage_web_aurofit_SNATCH_Dothe_Payment_Incomplete_ExpiryDate_verifyErrorMessage" time="24.243" classname="testscript.Stage_web_aurofit_SNATCH"/>
  <system-out/>
  <testcase name="stage_web_aurofit_SNATCH_LoseWeight_Beginner_Spin_Availoffer_Dothe_Payment_Incomplete_CvC_Code_verifyErrorMessage" time="22.825" classname="testscript.Stage_web_aurofit_SNATCH"/>
  <system-out/>
  <testcase name="stage_web_aurofit_SNATCH_Dothe_Payment_Incomplete_ZIP_Code_verifyErrorMessage" time="22.763" classname="testscript.Stage_web_aurofit_SNATCH"/>
  <system-out/>
  <testcase name="stage_web_aurofit_SNATCH_Dothe_Payment_Enter_DeadCardCredentials_verifyErrorMessage" time="43.970" classname="testscript.Stage_web_aurofit_SNATCH"/>
  <system-out/>
  <testcase name="stage_web_aurofit_SNATCH_SignUp_Enter_Invalid_CouponCode" time="21.991" classname="testscript.Stage_web_aurofit_SNATCH"/>
  <system-out/>
  <testcase name="stage_web_aurofit_SNATCH__SIGNED_UP_UNSUBSCRIBED_USER" time="31.387" classname="testscript.Stage_web_aurofit_SNATCH"/>
  <system-out/>
  <testcase name="stage_web_SNATCH_ForgotPassword" time="27.764" classname="testscript.Stage_web_aurofit_SNATCH"/>
  <system-out/>
  <testcase name="stage_web_aurofit_SNATCH_verify_Enter_Valid_Email_Error_Message" time="17.273" classname="testscript.Stage_web_aurofit_SNATCH"/>
  <system-out/>
  <testcase name="stage_web_aurofit_SNATCH_verify_Enter_Password_Error_Message" time="17.094" classname="testscript.Stage_web_aurofit_SNATCH"/>
  <system-out/>
</testsuite> <!-- testscript.Stage_web_aurofit_SNATCH -->
