<?xml version="1.0" encoding="UTF-8"?>
<!-- Generated by org.testng.reporters.JUnitReportReporter -->
<testsuite skipped="0" hostname="DESKTOP-1819MVE" name="testscript.Run_Mummy_Payment" tests="3" failures="0" timestamp="2020-10-28T18:37:18 IST" time="138.522" errors="0">
  <testcase name="select_LoseWeight_Beginner_Spin_Availoffer_Dothe_Payment_Entering_Credentials_Incorrect_Security_Code" time="46.807" classname="testscript.Run_Mummy_Payment"/>
  <system-out/>
  <testcase name="select_LoseWeight_Beginner_Spin_Availoffer_Dothe_Payment" time="48.360" classname="testscript.Run_Mummy_Payment"/>
  <system-out/>
  <testcase name="select_LoseWeight_Beginner_Spin_Availoffer_Dothe_Payment_Entering_Expired_Card_Credentials" time="43.355" classname="testscript.Run_Mummy_Payment"/>
  <system-out/>
</testsuite> <!-- testscript.Run_Mummy_Payment -->
