<?xml version="1.0" encoding="UTF-8"?>
<!-- Generated by org.testng.reporters.JUnitReportReporter -->
<testsuite skipped="0" hostname="DESKTOP-1819MVE" name="testscript.Stage_web_aurofit_Christmas_Challege_Login" tests="1" failures="0" timestamp="2020-11-18T17:35:39 IST" time="53.929" errors="0">
  <testcase name="Stage_web_JoinNow_select_LoseWeight_Beginner_Spin_Availoffer_Dothe_Payment" time="53.929" classname="testscript.Stage_web_aurofit_Christmas_Challege_Login"/>
  <system-out/>
</testsuite> <!-- testscript.Stage_web_aurofit_Christmas_Challege_Login -->
