<?xml version="1.0" encoding="UTF-8"?>
<!-- Generated by org.testng.reporters.JUnitReportReporter -->
<testsuite skipped="0" hostname="DESKTOP-1819MVE" name="testscript.Stage_Web_aurofit_90Days_CouponCode_5000_Codes" tests="1" failures="0" timestamp="2020-12-17T12:23:18 IST" time="184.337" errors="0">
  <testcase name="Stage_web_90daysfree_select_LoseWeight_Beginner_Spin_Availoffer_Dothe_Payment" time="184.337" classname="testscript.Stage_Web_aurofit_90Days_CouponCode_5000_Codes"/>
  <system-out/>
</testsuite> <!-- testscript.Stage_Web_aurofit_90Days_CouponCode_5000_Codes -->
