<?xml version="1.0" encoding="UTF-8"?>
<!-- Generated by org.testng.reporters.JUnitReportReporter -->
<testsuite skipped="0" hostname="DESKTOP-1819MVE" name="testscript.Stage_Web_aurofit_1year_CouponCode_5000_Codes" tests="1" failures="0" timestamp="2020-12-18T12:33:09 IST" time="252.250" errors="0">
  <testcase name="Stage_web_1Yeardaysfree_select_LoseWeight_Beginner_Spin_Availoffer_Dothe_Payment" time="252.250" classname="testscript.Stage_Web_aurofit_1year_CouponCode_5000_Codes"/>
  <system-out/>
</testsuite> <!-- testscript.Stage_Web_aurofit_1year_CouponCode_5000_Codes -->
