<?xml version="1.0" encoding="UTF-8"?>
<!-- Generated by org.testng.reporters.JUnitReportReporter -->
<testsuite skipped="0" hostname="DESKTOP-1819MVE" name="testscript.Stage_web_aurofit_SWEATCOIN" tests="19" failures="0" timestamp="2021-03-04T12:52:21 IST" time="537.548" errors="0">
  <testcase name="stage_web_aurofit_SWEATCOIN_SignUp_Checkout_Subscribe" time="36.085" classname="testscript.Stage_web_aurofit_SWEATCOIN"/>
  <system-out/>
  <testcase name="stage_web_aurofit_SWEATCOIN_SignUp_with_Already_Registed_Email" time="19.655" classname="testscript.Stage_web_aurofit_SWEATCOIN"/>
  <system-out/>
  <testcase name="stage_web_aurofit_SWEATCOIN_Login_With_Valid_Credentials" time="29.609" classname="testscript.Stage_web_aurofit_SWEATCOIN"/>
  <system-out/>
  <testcase name="stage_web_aurofit_SWEATCOIN_LOGIN_VALID_EMAIL_INVALID_PASSWORD" time="22.723" classname="testscript.Stage_web_aurofit_SWEATCOIN"/>
  <system-out/>
  <testcase name="stage_web_aurofit_SWEATCOIN_LOGIN_INVALID_EMAIL__VALIDPASSWORD" time="22.450" classname="testscript.Stage_web_aurofit_SWEATCOIN"/>
  <system-out/>
  <testcase name="stage_web_aurofit_SWEATCOIN_LOGIN_UNREGISTEREDMAIL" time="24.392" classname="testscript.Stage_web_aurofit_SWEATCOIN"/>
  <system-out/>
  <testcase name="stage_web_aurofit_SWEATCOIN_Dothe_Payment_Entering_Expired_Card_Credentials" time="28.145" classname="testscript.Stage_web_aurofit_SWEATCOIN"/>
  <system-out/>
  <testcase name="stage_web_aurofit_SWEATCOIN_Dothe_Payment_Entering_Credentials_Incorrect_Security_Code" time="31.654" classname="testscript.Stage_web_aurofit_SWEATCOIN"/>
  <system-out/>
  <testcase name="stage_web_aurofit_SWEATCOIN_Dothe_Payment_Entering_Credentials_Error_while_processing_the_card" time="24.862" classname="testscript.Stage_web_aurofit_SWEATCOIN"/>
  <system-out/>
  <testcase name="stage_web_aurofit_SWEATCOIN_Dothe_Payment_Entering_Credentials_Invalid_CardNumber_ErrorMessage" time="24.695" classname="testscript.Stage_web_aurofit_SWEATCOIN"/>
  <system-out/>
  <testcase name="stage_web_aurofit_SWEATCOIN_LoseWeight_Beginner_Spin_Availoffer_Dothe_Payment_Entering_IncompleteCardNumber_Verify_ErrorMessage" time="43.968" classname="testscript.Stage_web_aurofit_SWEATCOIN"/>
  <system-out/>
  <testcase name="stage_web_aurofit_SWEATCOIN_Dothe_Payment_Incomplete_ExpiryDate_verifyErrorMessage" time="24.290" classname="testscript.Stage_web_aurofit_SWEATCOIN"/>
  <system-out/>
  <testcase name="stage_web_aurofit_SWEATCOIN_LoseWeight_Beginner_Spin_Availoffer_Dothe_Payment_Incomplete_CvC_Code_verifyErrorMessage" time="26.624" classname="testscript.Stage_web_aurofit_SWEATCOIN"/>
  <system-out/>
  <testcase name="stage_web_aurofit_SWEATCOIN_Dothe_Payment_Incomplete_ZIP_Code_verifyErrorMessage" time="27.914" classname="testscript.Stage_web_aurofit_SWEATCOIN"/>
  <system-out/>
  <testcase name="stage_web_aurofit_SWEATCOIN_Dothe_Payment_Enter_DeadCardCredentials_verifyErrorMessage" time="44.094" classname="testscript.Stage_web_aurofit_SWEATCOIN"/>
  <system-out/>
  <testcase name="stage_web_aurofit_SWEATCOIN__LOGIN_UNSUBSCRIBED_USER" time="33.760" classname="testscript.Stage_web_aurofit_SWEATCOIN"/>
  <system-out/>
  <testcase name="stage_web_SWEATCOIN_ForgotPassword" time="33.936" classname="testscript.Stage_web_aurofit_SWEATCOIN"/>
  <system-out/>
  <testcase name="stage_web_aurofit_SWEATCOIN_verify_Enter_Valid_Email_Error_Message" time="19.438" classname="testscript.Stage_web_aurofit_SWEATCOIN"/>
  <system-out/>
  <testcase name="stage_web_aurofit_SWEATCOIN_verify_Enter_Password_Error_Message" time="19.254" classname="testscript.Stage_web_aurofit_SWEATCOIN"/>
  <system-out/>
</testsuite> <!-- testscript.Stage_web_aurofit_SWEATCOIN -->
