<?xml version="1.0" encoding="UTF-8"?>
<!-- Generated by org.testng.reporters.JUnitReportReporter -->
<testsuite skipped="0" hostname="DESKTOP-1819MVE" name="testscript.Stage_Web_nhsDiscount" tests="1" failures="0" timestamp="2021-02-25T15:48:45 IST" time="18.201" errors="0">
  <testcase name="stage_web_aurofit_MAINPAGE_SignUp_enterCouponcode_Checkout_Subscribe" time="18.201" classname="testscript.Stage_Web_nhsDiscount"/>
  <system-out/>
</testsuite> <!-- testscript.Stage_Web_nhsDiscount -->
