<?xml version="1.0" encoding="UTF-8"?>
<!-- Generated by org.testng.reporters.JUnitReportReporter -->
<testsuite skipped="0" hostname="DESKTOP-1819MVE" name="testscript.Stage_web_aurofit_MAINPAGE2_5per3Month_442" tests="1" failures="0" timestamp="2021-03-12T12:02:58 IST" time="133.979" errors="0">
  <testcase name="stage_web_aurofit_MAINPAGE_SignUp_enterCouponcode_Checkout_Subscribe" time="133.979" classname="testscript.Stage_web_aurofit_MAINPAGE2_5per3Month_442"/>
  <system-out/>
</testsuite> <!-- testscript.Stage_web_aurofit_MAINPAGE2_5per3Month_442 -->
