<?xml version="1.0" encoding="UTF-8"?>
<!-- Generated by org.testng.reporters.JUnitReportReporter -->
<testsuite skipped="0" hostname="DESKTOP-1819MVE" name="Demo" tests="1" failures="0" timestamp="2020-10-27T14:57:38 IST" time="0.008" errors="0">
  <testcase name="deMo" time="0.008" classname="Demo"/>
  <system-out/>
</testsuite> <!-- Demo -->
