<?xml version="1.0" encoding="UTF-8"?>
<!-- Generated by org.testng.reporters.JUnitReportReporter -->
<testsuite skipped="0" hostname="DESKTOP-1819MVE" name="testscript.Stage_web_newMem_25per_Off" tests="17" failures="0" timestamp="2021-03-16T12:15:06 IST" time="494.083" errors="0">
  <testcase name="enterAlreadyRegisteredmailid_and_verify_errormessage" time="16.165" classname="testscript.Stage_web_newMem_25per_Off"/>
  <system-out/>
  <testcase name="verify25perOff" time="23.696" classname="testscript.Stage_web_newMem_25per_Off"/>
  <system-out/>
  <testcase name="enternotRegisteredmailid_and_verify_errormessage" time="14.968" classname="testscript.Stage_web_newMem_25per_Off"/>
  <system-out/>
  <testcase name="enterInValidEmailAddress_and_verify_errormessage" time="16.096" classname="testscript.Stage_web_newMem_25per_Off"/>
  <system-out/>
  <testcase name="enterN0EmailAddress_and_verify_errormessage" time="14.476" classname="testscript.Stage_web_newMem_25per_Off"/>
  <system-out/>
  <testcase name="enterNOpassword_and_verify_errormessage" time="16.620" classname="testscript.Stage_web_newMem_25per_Off"/>
  <system-out/>
  <testcase name="validRegister_Payment_new_member" time="42.984" classname="testscript.Stage_web_newMem_25per_Off"/>
  <system-out/>
  <testcase name="new_Member_enterEmail_password_Dothe_Payment_Entering_Expired_Card_Credentials" time="32.590" classname="testscript.Stage_web_newMem_25per_Off"/>
  <system-out/>
  <testcase name="new_Member_enterEmail_password_othe_Payment_Entering_Credentials_Incorrect_Security_Code" time="34.999" classname="testscript.Stage_web_newMem_25per_Off"/>
  <system-out/>
  <testcase name="new_Member_enterEmail_password_Dothe_Payment_Entering_Credentials_Invalid_CardNumber_ErrorMessage" time="42.932" classname="testscript.Stage_web_newMem_25per_Off"/>
  <system-out/>
  <testcase name="new_Member_enterEmail_password_Dothe_Payment_Entering_Credentials_Error_while_processing_the_card1" time="34.131" classname="testscript.Stage_web_newMem_25per_Off"/>
  <system-out/>
  <testcase name="new_Member_enterEmail_password_Dothe_Payment_Incomplete_ZIP_Code_verifyErrorMessage" time="35.520" classname="testscript.Stage_web_newMem_25per_Off"/>
  <system-out/>
  <testcase name="new_Member_enterEmail_password_Dothe_Payment_Entering_IncompleteCardNumber_Verify_ErrorMessage" time="33.896" classname="testscript.Stage_web_newMem_25per_Off"/>
  <system-out/>
  <testcase name="new_Member_enterEmail_password_Dothe_Payment_Incomplete_CvC_Code_verifyErrorMessage" time="32.907" classname="testscript.Stage_web_newMem_25per_Off"/>
  <system-out/>
  <testcase name="new_Member_enterEmail_password_Dothe_Payment_Incomplete_Expiredate_verifyErrorMessage" time="34.365" classname="testscript.Stage_web_newMem_25per_Off"/>
  <system-out/>
  <testcase name="new_Member_enterEmail_password_Dothe_Payment__ExpiredateInThePast_verifyErrorMessage" time="34.292" classname="testscript.Stage_web_newMem_25per_Off"/>
  <system-out/>
  <testcase name="new_Member_enterEmail_password_Dothe_Payment__ExpirationYearIsInvalid_verifyErrorMessage" time="33.446" classname="testscript.Stage_web_newMem_25per_Off"/>
  <system-out/>
</testsuite> <!-- testscript.Stage_web_newMem_25per_Off -->
