<?xml version="1.0" encoding="UTF-8"?>
<!-- Generated by org.testng.reporters.JUnitReportReporter -->
<testsuite skipped="0" hostname="DESKTOP-1819MVE" name="testscript.Stage_web_aurofit_45daysFreeLogin" tests="1" failures="0" timestamp="2020-11-10T13:51:09 IST" time="35.323" errors="0">
  <testcase name="Stage_web_30daysFreeLoGin_select_LoseWeight_Beginner_Spin_Availoffer_Dothe_Payment" time="35.323" classname="testscript.Stage_web_aurofit_45daysFreeLogin"/>
  <system-out/>
</testsuite> <!-- testscript.Stage_web_aurofit_45daysFreeLogin -->
