<?xml version="1.0" encoding="UTF-8"?>
<!-- Generated by org.testng.reporters.JUnitReportReporter -->
<testsuite skipped="0" hostname="DESKTOP-1819MVE" name="testscript.Stage_web_aurofit_HOLD" tests="20" failures="0" timestamp="2021-03-03T17:44:16 IST" time="887.208" errors="0">
  <testcase name="stage_web_aurofit_Hold_SignUp_enterCouponcode_Checkout_Subscribe" time="34.256" classname="testscript.Stage_web_aurofit_HOLD"/>
  <system-out/>
  <testcase name="stage_web_aurofit_Hold_SignUp_with_Already_Registed_Email" time="18.205" classname="testscript.Stage_web_aurofit_HOLD"/>
  <system-out/>
  <testcase name="stage_web_aurofit_HOLD_Login_With_Valid_Credentials" time="28.533" classname="testscript.Stage_web_aurofit_HOLD"/>
  <system-out/>
  <testcase name="stage_web_aurofit_HOLD_LOGIN_VALID_EMAIL_INVALID_PASSWORD" time="21.088" classname="testscript.Stage_web_aurofit_HOLD"/>
  <system-out/>
  <testcase name="stage_web_aurofit_HOLD_LOGIN_INVALID_EMAIL__VALIDPASSWORD" time="18.889" classname="testscript.Stage_web_aurofit_HOLD"/>
  <system-out/>
  <testcase name="stage_web_aurofit_HOLD_LOGIN_UNREGISTEREDMAIL" time="20.086" classname="testscript.Stage_web_aurofit_HOLD"/>
  <system-out/>
  <testcase name="stage_web_aurofit_HOLD_Dothe_Payment_Entering_Expired_Card_Credentials" time="27.060" classname="testscript.Stage_web_aurofit_HOLD"/>
  <system-out/>
  <testcase name="stage_web_aurofit_HOLD_Dothe_Payment_Entering_Credentials_Incorrect_Security_Code" time="27.189" classname="testscript.Stage_web_aurofit_HOLD"/>
  <system-out/>
  <testcase name="stage_web_aurofit_HOLD_Dothe_Payment_Entering_Credentials_Error_while_processing_the_card" time="27.619" classname="testscript.Stage_web_aurofit_HOLD"/>
  <system-out/>
  <testcase name="stage_web_aurofit_HOLD_Dothe_Payment_Entering_Credentials_Invalid_CardNumber_ErrorMessage" time="116.884" classname="testscript.Stage_web_aurofit_HOLD"/>
  <system-out/>
  <testcase name="stage_web_aurofit_HOLD_LoseWeight_Beginner_Spin_Availoffer_Dothe_Payment_Entering_IncompleteCardNumber_Verify_ErrorMessage" time="122.528" classname="testscript.Stage_web_aurofit_HOLD"/>
  <system-out/>
  <testcase name="stage_web_aurofit_HOLD_Dothe_Payment_Incomplete_ExpiryDate_verifyErrorMessage" time="29.749" classname="testscript.Stage_web_aurofit_HOLD"/>
  <system-out/>
  <testcase name="stage_web_aurofit_HOLD_LoseWeight_Beginner_Spin_Availoffer_Dothe_Payment_Incomplete_CvC_Code_verifyErrorMessage" time="29.085" classname="testscript.Stage_web_aurofit_HOLD"/>
  <system-out/>
  <testcase name="stage_web_aurofit_Hold_Dothe_Payment_Incomplete_ZIP_Code_verifyErrorMessage" time="107.924" classname="testscript.Stage_web_aurofit_HOLD"/>
  <system-out/>
  <testcase name="stage_web_aurofit_HOLD_Dothe_Payment_Enter_DeadCardCredentials_verifyErrorMessage" time="139.194" classname="testscript.Stage_web_aurofit_HOLD"/>
  <system-out/>
  <testcase name="stage_web_aurofit_HOLD_SignUp_Enter_Invalid_CouponCode" time="22.649" classname="testscript.Stage_web_aurofit_HOLD"/>
  <system-out/>
  <testcase name="stage_web_aurofit_HOLD__SIGNED_UP_UNSUBSCRIBED_USER" time="30.761" classname="testscript.Stage_web_aurofit_HOLD"/>
  <system-out/>
  <testcase name="stage_web_HOLD_ForgotPassword" time="30.245" classname="testscript.Stage_web_aurofit_HOLD"/>
  <system-out/>
  <testcase name="stage_web_aurofit_HOLD_verify_Enter_Valid_Email_Error_Message" time="17.595" classname="testscript.Stage_web_aurofit_HOLD"/>
  <system-out/>
  <testcase name="stage_web_aurofit_HOLD_verify_Enter_Password_Error_Message" time="17.669" classname="testscript.Stage_web_aurofit_HOLD"/>
  <system-out/>
</testsuite> <!-- testscript.Stage_web_aurofit_HOLD -->
